Started by user Christopher González
Obtained Jenkinsfile from git https://github.com/cgonza85/saludoapp
[Pipeline] Start of Pipeline
[Pipeline] node
Running on Jenkins in /Users/christophergonzalez/.jenkins/workspace/SaludoApp-CI
[Pipeline] {
[Pipeline] stage
[Pipeline] { (Declarative: Checkout SCM)
[Pipeline] checkout
Selected Git installation does not exist. Using Default
The recommended git tool is: NONE
No credentials specified
 > /opt/homebrew/bin/git rev-parse --resolve-git-dir /Users/christophergonzalez/.jenkins/workspace/SaludoApp-CI/.git # timeout=10
Fetching changes from the remote Git repository
 > /opt/homebrew/bin/git config remote.origin.url https://github.com/cgonza85/saludoapp # timeout=10
Fetching upstream changes from https://github.com/cgonza85/saludoapp
 > /opt/homebrew/bin/git --version # timeout=10
 > git --version # 'git version 2.42.0'
 > /opt/homebrew/bin/git fetch --tags --force --progress -- https://github.com/cgonza85/saludoapp +refs/heads/*:refs/remotes/origin/* # timeout=10
 > /opt/homebrew/bin/git rev-parse refs/remotes/origin/main^{commit} # timeout=10
Checking out Revision 04bbd5ff87efbd080d0ac639dce29f47e6826631 (refs/remotes/origin/main)
 > /opt/homebrew/bin/git config core.sparsecheckout # timeout=10
 > /opt/homebrew/bin/git checkout -f 04bbd5ff87efbd080d0ac639dce29f47e6826631 # timeout=10
Commit message: "indicando branch  main"
 > /opt/homebrew/bin/git rev-list --no-walk 04bbd5ff87efbd080d0ac639dce29f47e6826631 # timeout=10
[Pipeline] }
[Pipeline] // stage
[Pipeline] withEnv
[Pipeline] {
[Pipeline] stage
[Pipeline] { (Declarative: Tool Install)
[Pipeline] tool
[Pipeline] envVarsForTool
[Pipeline] tool
[Pipeline] envVarsForTool
[Pipeline] }
[Pipeline] // stage
[Pipeline] withEnv
[Pipeline] {
[Pipeline] stage
[Pipeline] { (Clonar)
[Pipeline] tool
[Pipeline] envVarsForTool
[Pipeline] tool
[Pipeline] envVarsForTool
[Pipeline] withEnv
[Pipeline] {
[Pipeline] git
Selected Git installation does not exist. Using Default
The recommended git tool is: NONE
No credentials specified
 > /opt/homebrew/bin/git rev-parse --resolve-git-dir /Users/christophergonzalez/.jenkins/workspace/SaludoApp-CI/.git # timeout=10
Fetching changes from the remote Git repository
 > /opt/homebrew/bin/git config remote.origin.url https://github.com/cgonza85/saludoapp.git # timeout=10
Fetching upstream changes from https://github.com/cgonza85/saludoapp.git
 > /opt/homebrew/bin/git --version # timeout=10
 > git --version # 'git version 2.42.0'
 > /opt/homebrew/bin/git fetch --tags --force --progress -- https://github.com/cgonza85/saludoapp.git +refs/heads/*:refs/remotes/origin/* # timeout=10
 > /opt/homebrew/bin/git rev-parse refs/remotes/origin/main^{commit} # timeout=10
Checking out Revision 04bbd5ff87efbd080d0ac639dce29f47e6826631 (refs/remotes/origin/main)
 > /opt/homebrew/bin/git config core.sparsecheckout # timeout=10
 > /opt/homebrew/bin/git checkout -f 04bbd5ff87efbd080d0ac639dce29f47e6826631 # timeout=10
 > /opt/homebrew/bin/git branch -a -v --no-abbrev # timeout=10
 > /opt/homebrew/bin/git branch -D main # timeout=10
 > /opt/homebrew/bin/git checkout -b main 04bbd5ff87efbd080d0ac639dce29f47e6826631 # timeout=10
Commit message: "indicando branch  main"
[Pipeline] }
[Pipeline] // withEnv
[Pipeline] }
[Pipeline] // stage
[Pipeline] stage
[Pipeline] { (Compilar)
[Pipeline] tool
[Pipeline] envVarsForTool
[Pipeline] tool
[Pipeline] envVarsForTool
[Pipeline] withEnv
[Pipeline] {
[Pipeline] sh
+ mvn clean compile
[INFO] Scanning for projects...
[INFO] 
[INFO] --------------------< com.equipo.saludo:saludoapp >---------------------
[INFO] Building saludoapp 1.0-SNAPSHOT
[INFO]   from pom.xml
[INFO] --------------------------------[ jar ]---------------------------------
[INFO] 
[INFO] --- clean:3.2.0:clean (default-clean) @ saludoapp ---
[INFO] Deleting /Users/christophergonzalez/.jenkins/workspace/SaludoApp-CI/target
[INFO] 
[INFO] --- resources:3.3.1:resources (default-resources) @ saludoapp ---
[WARNING] Using platform encoding (UTF-8 actually) to copy filtered resources, i.e. build is platform dependent!
[INFO] skip non existing resourceDirectory /Users/christophergonzalez/.jenkins/workspace/SaludoApp-CI/src/main/resources
[INFO] 
[INFO] --- compiler:3.13.0:compile (default-compile) @ saludoapp ---
[INFO] Recompiling the module because of changed source code.
[WARNING] File encoding has not been set, using platform encoding UTF-8, i.e. build is platform dependent!
[INFO] Compiling 1 source file with javac [debug target 1.8] to target/classes
[WARNING] bootstrap class path not set in conjunction with -source 8
[INFO] ------------------------------------------------------------------------
[INFO] BUILD SUCCESS
[INFO] ------------------------------------------------------------------------
[INFO] Total time:  0.539 s
[INFO] Finished at: 2025-06-12T22:39:04-04:00
[INFO] ------------------------------------------------------------------------
[Pipeline] }
[Pipeline] // withEnv
[Pipeline] }
[Pipeline] // stage
[Pipeline] stage
[Pipeline] { (Probar)
[Pipeline] tool
[Pipeline] envVarsForTool
[Pipeline] tool
[Pipeline] envVarsForTool
[Pipeline] withEnv
[Pipeline] {
[Pipeline] sh
+ mvn test
[INFO] Scanning for projects...
[INFO] 
[INFO] --------------------< com.equipo.saludo:saludoapp >---------------------
[INFO] Building saludoapp 1.0-SNAPSHOT
[INFO]   from pom.xml
[INFO] --------------------------------[ jar ]---------------------------------
[INFO] 
[INFO] --- resources:3.3.1:resources (default-resources) @ saludoapp ---
[WARNING] Using platform encoding (UTF-8 actually) to copy filtered resources, i.e. build is platform dependent!
[INFO] skip non existing resourceDirectory /Users/christophergonzalez/.jenkins/workspace/SaludoApp-CI/src/main/resources
[INFO] 
[INFO] --- compiler:3.13.0:compile (default-compile) @ saludoapp ---
[INFO] Nothing to compile - all classes are up to date.
[INFO] 
[INFO] --- resources:3.3.1:testResources (default-testResources) @ saludoapp ---
[WARNING] Using platform encoding (UTF-8 actually) to copy filtered resources, i.e. build is platform dependent!
[INFO] skip non existing resourceDirectory /Users/christophergonzalez/.jenkins/workspace/SaludoApp-CI/src/test/resources
[INFO] 
[INFO] --- compiler:3.13.0:testCompile (default-testCompile) @ saludoapp ---
[INFO] Recompiling the module because of changed source code.
[WARNING] File encoding has not been set, using platform encoding UTF-8, i.e. build is platform dependent!
[INFO] Compiling 1 source file with javac [debug target 1.8] to target/test-classes
[WARNING] bootstrap class path not set in conjunction with -source 8
[INFO] 
[INFO] --- surefire:3.2.5:test (default-test) @ saludoapp ---
[INFO] Using auto detected provider org.apache.maven.surefire.junit4.JUnit4Provider
[INFO] 
[INFO] -------------------------------------------------------
[INFO]  T E S T S
[INFO] -------------------------------------------------------
[INFO] Running com.equipo.saludo.AppTest
[INFO] Tests run: 1, Failures: 0, Errors: 0, Skipped: 0, Time elapsed: 0.026 s -- in com.equipo.saludo.AppTest
[INFO] 
[INFO] Results:
[INFO] 
[INFO] Tests run: 1, Failures: 0, Errors: 0, Skipped: 0
[INFO] 
[INFO] ------------------------------------------------------------------------
[INFO] BUILD SUCCESS
[INFO] ------------------------------------------------------------------------
[INFO] Total time:  1.014 s
[INFO] Finished at: 2025-06-12T22:39:07-04:00
[INFO] ------------------------------------------------------------------------
[Pipeline] }
[Pipeline] // withEnv
[Pipeline] }
[Pipeline] // stage
[Pipeline] stage
[Pipeline] { (Empaquetar)
[Pipeline] tool
[Pipeline] envVarsForTool
[Pipeline] tool
[Pipeline] envVarsForTool
[Pipeline] withEnv
[Pipeline] {
[Pipeline] sh
+ mvn package
[INFO] Scanning for projects...
[INFO] 
[INFO] --------------------< com.equipo.saludo:saludoapp >---------------------
[INFO] Building saludoapp 1.0-SNAPSHOT
[INFO]   from pom.xml
[INFO] --------------------------------[ jar ]---------------------------------
[INFO] 
[INFO] --- resources:3.3.1:resources (default-resources) @ saludoapp ---
[WARNING] Using platform encoding (UTF-8 actually) to copy filtered resources, i.e. build is platform dependent!
[INFO] skip non existing resourceDirectory /Users/christophergonzalez/.jenkins/workspace/SaludoApp-CI/src/main/resources
[INFO] 
[INFO] --- compiler:3.13.0:compile (default-compile) @ saludoapp ---
[INFO] Nothing to compile - all classes are up to date.
[INFO] 
[INFO] --- resources:3.3.1:testResources (default-testResources) @ saludoapp ---
[WARNING] Using platform encoding (UTF-8 actually) to copy filtered resources, i.e. build is platform dependent!
[INFO] skip non existing resourceDirectory /Users/christophergonzalez/.jenkins/workspace/SaludoApp-CI/src/test/resources
[INFO] 
[INFO] --- compiler:3.13.0:testCompile (default-testCompile) @ saludoapp ---
[INFO] Nothing to compile - all classes are up to date.
[INFO] 
[INFO] --- surefire:3.2.5:test (default-test) @ saludoapp ---
[INFO] Using auto detected provider org.apache.maven.surefire.junit4.JUnit4Provider
[INFO] 
[INFO] -------------------------------------------------------
[INFO]  T E S T S
[INFO] -------------------------------------------------------
[INFO] Running com.equipo.saludo.AppTest
[INFO] Tests run: 1, Failures: 0, Errors: 0, Skipped: 0, Time elapsed: 0.024 s -- in com.equipo.saludo.AppTest
[INFO] 
[INFO] Results:
[INFO] 
[INFO] Tests run: 1, Failures: 0, Errors: 0, Skipped: 0
[INFO] 
[INFO] 
[INFO] --- jar:3.4.1:jar (default-jar) @ saludoapp ---
[INFO] Building jar: /Users/christophergonzalez/.jenkins/workspace/SaludoApp-CI/target/saludoapp-1.0-SNAPSHOT.jar
[INFO] ------------------------------------------------------------------------
[INFO] BUILD SUCCESS
[INFO] ------------------------------------------------------------------------
[INFO] Total time:  0.783 s
[INFO] Finished at: 2025-06-12T22:39:09-04:00
[INFO] ------------------------------------------------------------------------
[Pipeline] }
[Pipeline] // withEnv
[Pipeline] }
[Pipeline] // stage
[Pipeline] stage
[Pipeline] { (Declarative: Post Actions)
[Pipeline] echo
 El build fue exitoso
[Pipeline] }
[Pipeline] // stage
[Pipeline] }
[Pipeline] // withEnv
[Pipeline] }
[Pipeline] // withEnv
[Pipeline] }
[Pipeline] // node
[Pipeline] End of Pipeline
Finished: SUCCESS